C51 COMPILER V9.56.0.0   MAIN                                                              11/07/2017 17:20:40 PAGE 1   


C51 COMPILER V9.56.0.0, COMPILATION OF MODULE MAIN
OBJECT MODULE PLACED IN .\obj\main.obj
COMPILER INVOKED BY: d:\Keil_v5\C51\BIN\C51.EXE USER\main.c LARGE BROWSE INCDIR(.\font;.\LCD;.\sys;.\touch;.\GUI;.\USER)
                    - DEBUG OBJECTEXTEND PRINT(.\main.lst) TABS(2) OBJECT(.\obj\main.obj)

line level    source

   1          #include "sys.h"
   2          #include "lcd.h"
   3          #include "gui.h"
   4          #include "test.h"
   5          //////////////////////////////////////////////////////////////////////////////////   
   6          //本程序只供学习使用，未经作者许可，不得用于其它任何用途
   7          //测试硬件：单片机STC12LE5A60S2,晶振30M  单片机工作电压3.3V
   8          //QDtech-TFT液晶驱动 for C51
   9          //xiao冯@ShenZhen QDtech co.,LTD
  10          //公司网站:www.qdtech.net
  11          //淘宝网站：http://qdtech.taobao.com
  12          //我司提供技术支持，任何技术问题欢迎随时交流学习
  13          //固话(传真) :+86 0755-23594567 
  14          //手机:15989313508（冯工） 
  15          //邮箱:QDtech2008@gmail.com 
  16          //Skype:QDtech2008
  17          //技术交流QQ群:324828016
  18          //创建日期:2013/5/13
  19          //版本：V1.1
  20          //版权所有，盗版必究。
  21          //Copyright(C) 深圳市全动电子技术有限公司 2009-2019
  22          //All rights reserved
  23          //********************************************************************************
  24          
  25          /****************************************************************************************************
  26          //=========================================电源接线================================================//
  27          //5V接DC 5V电源
  28          //3V3 不用接
  29          //GND接地
  30          //=======================================液晶屏数据线接线==========================================//
  31          //本模块默认数据总线类型为8位并行模式
  32          //8位模式接线：
  33          //液晶屏LCD_D0对应单片机P0.0
  34          //液晶屏LCD_D1对应单片机P0.1
  35          //液晶屏LCD_D2对应单片机P0.2
  36          //液晶屏LCD_D3对应单片机P0.3
  37          //液晶屏LCD_D4对应单片机P0.4
  38          //液晶屏LCD_D5对应单片机P0.5
  39          //液晶屏LCD_D6对应单片机P0.6
  40          //液晶屏LCD_D7对应单片机P0.7
  41          //=======================================液晶屏控制线接线==========================================//
  42          //LCD_RST 接P3.3  //复位信号
  43          //LCD_CS  接P1.3  //片选信号
  44          //LCD_RS  接P1.2  //寄存器/数据选择信号
  45          //LCD_WR  接P1.1  //写信号
  46          //LCD_RD  接P1.0  //读信号
  47          //=========================================触摸屏触接线=========================================//
  48          //本程序不进行触摸测试。
  49          //如需测试触摸功能，请使用Arduino配套程序进行测试
  50          **************************************************************************************************/ 
  51          
  52          
  53          
  54          //STC单片机IO推挽输出设置定义
C51 COMPILER V9.56.0.0   MAIN                                                              11/07/2017 17:20:40 PAGE 2   

  55          //其他普通C51单片机无此配置请屏蔽下面这条语句
  56          sfr P3M1  = 0xB1; //P3M1.n,P3M0.n   =00--->Standard,  01--->push-pull
  57          sfr P3M0  = 0xB2; //          =10--->pure input,  11--->open drain
  58          
  59          //主函数
  60          void main(void)
  61          { 
  62   1        u16 i=0;  
  63   1        //设置STC_12LE5A60S2单片机的P3.2为推挽输出，用于控制背光亮灭
  64   1        //其他普通C51单片机无此配置请屏蔽下面这条语句
  65   1        P3M1 &= ~(1<<2),P3M0 |=  (1<<2); 
  66   1      
  67   1        LCD_Init();    //液晶屏初始化
  68   1      
  69   1        while(1)
  70   1        { LCD_direction(i%4);
  71   2          i++;    
  72   2          main_test();    //测试主界面
  73   2          Test_Color();     //简单刷屏填充测试
  74   2          Test_FillRec();   //GUI矩形绘图测试
  75   2          Test_Circle();    //GUI画圆测试
  76   2          English_Font_test();//英文字体示例测试
  77   2          Chinese_Font_test();//中文字体示例测试
  78   2          Pic_test();     //图片显示示例测试  
  79   2          delay_ms(1000);
  80   2          //Touch_Test();   //触摸屏手写测试  
  81   2        }   
  82   1      }


MODULE INFORMATION:   STATIC OVERLAYABLE
   CODE SIZE        =     70    ----
   CONSTANT SIZE    =   ----    ----
   XDATA SIZE       =   ----       2
   PDATA SIZE       =   ----    ----
   DATA SIZE        =   ----    ----
   IDATA SIZE       =   ----    ----
   BIT SIZE         =   ----    ----
END OF MODULE INFORMATION.


C51 COMPILATION COMPLETE.  0 WARNING(S),  0 ERROR(S)
