\BOOKMARK [0][-]{chapter.1}{\376\377\000C\000l\000a\000s\000s\000\040\000I\000n\000d\000e\000x}{}% 1
\BOOKMARK [1][-]{section.1.1}{\376\377\000C\000l\000a\000s\000s\000\040\000L\000i\000s\000t}{chapter.1}% 2
\BOOKMARK [0][-]{chapter.2}{\376\377\000F\000i\000l\000e\000\040\000I\000n\000d\000e\000x}{}% 3
\BOOKMARK [1][-]{section.2.1}{\376\377\000F\000i\000l\000e\000\040\000L\000i\000s\000t}{chapter.2}% 4
\BOOKMARK [0][-]{chapter.3}{\376\377\000C\000l\000a\000s\000s\000\040\000D\000o\000c\000u\000m\000e\000n\000t\000a\000t\000i\000o\000n}{}% 5
\BOOKMARK [1][-]{section.3.1}{\376\377\000L\000M\0007\0005\000\040\000C\000l\000a\000s\000s\000\040\000R\000e\000f\000e\000r\000e\000n\000c\000e}{chapter.3}% 6
\BOOKMARK [2][-]{subsection.3.1.1}{\376\377\000D\000e\000t\000a\000i\000l\000e\000d\000\040\000D\000e\000s\000c\000r\000i\000p\000t\000i\000o\000n}{section.3.1}% 7
\BOOKMARK [2][-]{subsection.3.1.2}{\376\377\000M\000e\000m\000b\000e\000r\000\040\000E\000n\000u\000m\000e\000r\000a\000t\000i\000o\000n\000\040\000D\000o\000c\000u\000m\000e\000n\000t\000a\000t\000i\000o\000n}{section.3.1}% 8
\BOOKMARK [3][-]{subsubsection.3.1.2.1}{\376\377\000f\000a\000u\000l\000t\000Q\000u\000e\000u\000e}{subsection.3.1.2}% 9
\BOOKMARK [3][-]{subsubsection.3.1.2.2}{\376\377\000o\000p\000M\000o\000d\000e}{subsection.3.1.2}% 10
\BOOKMARK [3][-]{subsubsection.3.1.2.3}{\376\377\000o\000u\000t\000p\000u\000t\000M\000o\000d\000e}{subsection.3.1.2}% 11
\BOOKMARK [3][-]{subsubsection.3.1.2.4}{\376\377\000o\000u\000t\000p\000u\000t\000P\000o\000l\000a\000r\000i\000t\000y}{subsection.3.1.2}% 12
\BOOKMARK [3][-]{subsubsection.3.1.2.5}{\376\377\000s\000e\000t\000P\000o\000i\000n\000t\000T\000y\000p\000e}{subsection.3.1.2}% 13
\BOOKMARK [3][-]{subsubsection.3.1.2.6}{\376\377\000t\000e\000m\000p\000U\000n\000i\000t\000\137\000t}{subsection.3.1.2}% 14
\BOOKMARK [2][-]{subsection.3.1.3}{\376\377\000C\000o\000n\000s\000t\000r\000u\000c\000t\000o\000r\000\040\000\046\000\040\000D\000e\000s\000t\000r\000u\000c\000t\000o\000r\000\040\000D\000o\000c\000u\000m\000e\000n\000t\000a\000t\000i\000o\000n}{section.3.1}% 15
\BOOKMARK [3][-]{subsubsection.3.1.3.1}{\376\377\000L\000M\0007\0005}{subsection.3.1.3}% 16
\BOOKMARK [2][-]{subsection.3.1.4}{\376\377\000M\000e\000m\000b\000e\000r\000\040\000F\000u\000n\000c\000t\000i\000o\000n\000\040\000D\000o\000c\000u\000m\000e\000n\000t\000a\000t\000i\000o\000n}{section.3.1}% 17
\BOOKMARK [3][-]{subsubsection.3.1.4.1}{\376\377\000c\000o\000n\000v\000C\000t\000o\000F}{subsection.3.1.4}% 18
\BOOKMARK [3][-]{subsubsection.3.1.4.2}{\376\377\000c\000o\000n\000v\000C\000t\000o\000K}{subsection.3.1.4}% 19
\BOOKMARK [3][-]{subsubsection.3.1.4.3}{\376\377\000c\000o\000n\000v\000F\000t\000o\000C}{subsection.3.1.4}% 20
\BOOKMARK [3][-]{subsubsection.3.1.4.4}{\376\377\000c\000o\000n\000v\000K\000t\000o\000C}{subsection.3.1.4}% 21
\BOOKMARK [3][-]{subsubsection.3.1.4.5}{\376\377\000g\000e\000t\000A\000d\000d\000r}{subsection.3.1.4}% 22
\BOOKMARK [3][-]{subsubsection.3.1.4.6}{\376\377\000r\000e\000a\000d\0001\0006}{subsection.3.1.4}% 23
\BOOKMARK [3][-]{subsubsection.3.1.4.7}{\376\377\000r\000e\000a\000d\0008}{subsection.3.1.4}% 24
\BOOKMARK [3][-]{subsubsection.3.1.4.8}{\376\377\000r\000e\000a\000d\000S\000e\000t\000P\000o\000i\000n\000t}{subsection.3.1.4}% 25
\BOOKMARK [3][-]{subsubsection.3.1.4.9}{\376\377\000r\000e\000a\000d\000T\000e\000m\000p}{subsection.3.1.4}% 26
\BOOKMARK [3][-]{subsubsection.3.1.4.10}{\376\377\000s\000e\000t\000F\000a\000u\000l\000t\000Q\000u\000e\000u\000e}{subsection.3.1.4}% 27
\BOOKMARK [3][-]{subsubsection.3.1.4.11}{\376\377\000s\000e\000t\000O\000p\000e\000r\000a\000t\000i\000o\000n\000M\000o\000d\000e}{subsection.3.1.4}% 28
\BOOKMARK [3][-]{subsubsection.3.1.4.12}{\376\377\000s\000e\000t\000O\000u\000t\000p\000u\000t\000M\000o\000d\000e}{subsection.3.1.4}% 29
\BOOKMARK [3][-]{subsubsection.3.1.4.13}{\376\377\000s\000e\000t\000O\000u\000t\000p\000u\000t\000P\000o\000l\000a\000r\000i\000t\000y}{subsection.3.1.4}% 30
\BOOKMARK [3][-]{subsubsection.3.1.4.14}{\376\377\000w\000r\000i\000t\000e\0001\0006}{subsection.3.1.4}% 31
\BOOKMARK [3][-]{subsubsection.3.1.4.15}{\376\377\000w\000r\000i\000t\000e\0008}{subsection.3.1.4}% 32
\BOOKMARK [3][-]{subsubsection.3.1.4.16}{\376\377\000w\000r\000i\000t\000e\000S\000e\000t\000P\000o\000i\000n\000t}{subsection.3.1.4}% 33
\BOOKMARK [2][-]{subsection.3.1.5}{\376\377\000M\000e\000m\000b\000e\000r\000\040\000D\000a\000t\000a\000\040\000D\000o\000c\000u\000m\000e\000n\000t\000a\000t\000i\000o\000n}{section.3.1}% 34
\BOOKMARK [3][-]{subsubsection.3.1.5.1}{\376\377\000\137\000a\000d\000d\000r}{subsection.3.1.5}% 35
\BOOKMARK [3][-]{subsubsection.3.1.5.2}{\376\377\000b\000u\000s\000A\000d\000d\000r}{subsection.3.1.5}% 36
\BOOKMARK [0][-]{chapter.4}{\376\377\000F\000i\000l\000e\000\040\000D\000o\000c\000u\000m\000e\000n\000t\000a\000t\000i\000o\000n}{}% 37
\BOOKMARK [1][-]{section.4.1}{\376\377\000L\000M\0007\0005\000.\000c\000p\000p\000\040\000F\000i\000l\000e\000\040\000R\000e\000f\000e\000r\000e\000n\000c\000e}{chapter.4}% 38
\BOOKMARK [2][-]{subsection.4.1.1}{\376\377\000D\000e\000t\000a\000i\000l\000e\000d\000\040\000D\000e\000s\000c\000r\000i\000p\000t\000i\000o\000n}{section.4.1}% 39
\BOOKMARK [1][-]{section.4.2}{\376\377\000L\000M\0007\0005\000.\000h\000\040\000F\000i\000l\000e\000\040\000R\000e\000f\000e\000r\000e\000n\000c\000e}{chapter.4}% 40
\BOOKMARK [2][-]{subsection.4.2.1}{\376\377\000D\000e\000t\000a\000i\000l\000e\000d\000\040\000D\000e\000s\000c\000r\000i\000p\000t\000i\000o\000n}{section.4.2}% 41
\BOOKMARK [2][-]{subsection.4.2.2}{\376\377\000M\000a\000c\000r\000o\000\040\000D\000e\000f\000i\000n\000i\000t\000i\000o\000n\000\040\000D\000o\000c\000u\000m\000e\000n\000t\000a\000t\000i\000o\000n}{section.4.2}% 42
\BOOKMARK [3][-]{subsubsection.4.2.2.1}{\376\377\000L\000M\0007\0005\000\137\000B\000R\000O\000A\000D\000C\000A\000S\000T\000A\000D\000D\000R}{subsection.4.2.2}% 43
\BOOKMARK [3][-]{subsubsection.4.2.2.2}{\376\377\000L\000M\0007\0005\000\137\000C\000O\000N\000F}{subsection.4.2.2}% 44
\BOOKMARK [3][-]{subsubsection.4.2.2.3}{\376\377\000L\000M\0007\0005\000\137\000C\000O\000N\000F\000\137\000D\000O\000M\000\137\000N\000O\000R\000M\000A\000L}{subsection.4.2.2}% 45
\BOOKMARK [3][-]{subsubsection.4.2.2.4}{\376\377\000L\000M\0007\0005\000\137\000C\000O\000N\000F\000\137\000D\000O\000M\000\137\000S\000H\000U\000T\000D\000O\000W\000N}{subsection.4.2.2}% 46
\BOOKMARK [3][-]{subsubsection.4.2.2.5}{\376\377\000L\000M\0007\0005\000\137\000C\000O\000N\000F\000\137\000O\000S\000F\000Q\000U\000E\000\137\0001}{subsection.4.2.2}% 47
\BOOKMARK [3][-]{subsubsection.4.2.2.6}{\376\377\000L\000M\0007\0005\000\137\000C\000O\000N\000F\000\137\000O\000S\000F\000Q\000U\000E\000\137\0002}{subsection.4.2.2}% 48
\BOOKMARK [3][-]{subsubsection.4.2.2.7}{\376\377\000L\000M\0007\0005\000\137\000C\000O\000N\000F\000\137\000O\000S\000F\000Q\000U\000E\000\137\0004}{subsection.4.2.2}% 49
\BOOKMARK [3][-]{subsubsection.4.2.2.8}{\376\377\000L\000M\0007\0005\000\137\000C\000O\000N\000F\000\137\000O\000S\000F\000Q\000U\000E\000\137\0006}{subsection.4.2.2}% 50
\BOOKMARK [3][-]{subsubsection.4.2.2.9}{\376\377\000L\000M\0007\0005\000\137\000C\000O\000N\000F\000\137\000O\000S\000O\000M\000\137\000C\000O\000M\000P}{subsection.4.2.2}% 51
\BOOKMARK [3][-]{subsubsection.4.2.2.10}{\376\377\000L\000M\0007\0005\000\137\000C\000O\000N\000F\000\137\000O\000S\000O\000M\000\137\000I\000N\000T}{subsection.4.2.2}% 52
\BOOKMARK [3][-]{subsubsection.4.2.2.11}{\376\377\000L\000M\0007\0005\000\137\000C\000O\000N\000F\000\137\000O\000S\000P\000O\000L\000\137\000A\000H}{subsection.4.2.2}% 53
\BOOKMARK [3][-]{subsubsection.4.2.2.12}{\376\377\000L\000M\0007\0005\000\137\000C\000O\000N\000F\000\137\000O\000S\000P\000O\000L\000\137\000A\000L}{subsection.4.2.2}% 54
\BOOKMARK [3][-]{subsubsection.4.2.2.13}{\376\377\000L\000M\0007\0005\000\137\000C\000O\000N\000F\000\137\000R\000E\000S}{subsection.4.2.2}% 55
\BOOKMARK [3][-]{subsubsection.4.2.2.14}{\376\377\000L\000M\0007\0005\000\137\000I\0002\000C\000D\000E\000F\000A\000U\000L\000T\000A\000D\000D\000R}{subsection.4.2.2}% 56
\BOOKMARK [3][-]{subsubsection.4.2.2.15}{\376\377\000L\000M\0007\0005\000\137\000T\000E\000M\000P}{subsection.4.2.2}% 57
\BOOKMARK [3][-]{subsubsection.4.2.2.16}{\376\377\000L\000M\0007\0005\000\137\000T\000H\000Y\000S\000T}{subsection.4.2.2}% 58
\BOOKMARK [3][-]{subsubsection.4.2.2.17}{\376\377\000L\000M\0007\0005\000\137\000T\000O\000S}{subsection.4.2.2}% 59
